Starting job at Tue Oct 24 15:16:07 CEST 2023
Virtual environment activated
Saved data for parameter 1HRFAmp1_AvgPower to /home/zhangj/scratch/zhangj/parameter_data_files/2017/1HRFAmp1_AvgPower.parquet
Saved data for parameter 1HRFAmp1_PredAvgPower to /home/zhangj/scratch/zhangj/parameter_data_files/2017/1HRFAmp1_PredAvgPower.parquet
Saved data for parameter 1HRFAmp2_AvgPower to /home/zhangj/scratch/zhangj/parameter_data_files/2017/1HRFAmp2_AvgPower.parquet
Saved data for parameter 1HRFAmp2_PredAvgPower to /home/zhangj/scratch/zhangj/parameter_data_files/2017/1HRFAmp2_PredAvgPower.parquet
Saved data for parameter Circulator_TX1-FWDcirc-FWDamp-ratio to /home/zhangj/scratch/zhangj/parameter_data_files/2017/Circulator_TX1-FWDcirc-FWDamp-ratio.parquet
Saved data for parameter Circulator_TX1-VSWR to /home/zhangj/scratch/zhangj/parameter_data_files/2017/Circulator_TX1-VSWR.parquet
Saved data for parameter Circulator_TX2-FWDcirc-FWDamp-ratio to /home/zhangj/scratch/zhangj/parameter_data_files/2017/Circulator_TX2-FWDcirc-FWDamp-ratio.parquet
Saved data for parameter Circulator_TX2-VSWR to /home/zhangj/scratch/zhangj/parameter_data_files/2017/Circulator_TX2-VSWR.parquet
Saved data for parameter cryocompressor_cerr to /home/zhangj/scratch/zhangj/parameter_data_files/2017/cryocompressor_cerr.parquet
Saved data for parameter cryocompressor_palm to /home/zhangj/scratch/zhangj/parameter_data_files/2017/cryocompressor_palm.parquet
Saved data for parameter cryocompressor_talm to /home/zhangj/scratch/zhangj/parameter_data_files/2017/cryocompressor_talm.parquet
Saved data for parameter cryocompressor_time_status to /home/zhangj/scratch/zhangj/parameter_data_files/2017/cryocompressor_time_status.parquet
Saved data for parameter FB_loop_TX1_delay to /home/zhangj/scratch/zhangj/parameter_data_files/2017/FB_loop_TX1_delay.parquet
Saved data for parameter FB_loop_TX1_gain to /home/zhangj/scratch/zhangj/parameter_data_files/2017/FB_loop_TX1_gain.parquet
Saved data for parameter FB_loop_TX1_phase to /home/zhangj/scratch/zhangj/parameter_data_files/2017/FB_loop_TX1_phase.parquet
Saved data for parameter FB_loop_TX2_delay to /home/zhangj/scratch/zhangj/parameter_data_files/2017/FB_loop_TX2_delay.parquet
Saved data for parameter FB_loop_TX2_gain to /home/zhangj/scratch/zhangj/parameter_data_files/2017/FB_loop_TX2_gain.parquet
Saved data for parameter FB_loop_TX2_phase to /home/zhangj/scratch/zhangj/parameter_data_files/2017/FB_loop_TX2_phase.parquet
Saved data for parameter iMT_latched_errors to /home/zhangj/scratch/zhangj/parameter_data_files/2017/iMT_latched_errors.parquet
Saved data for parameter LCC_GradAmpFillingPress to /home/zhangj/scratch/zhangj/parameter_data_files/2017/LCC_GradAmpFillingPress.parquet
Saved data for parameter LCC_GradAmpTemp to /home/zhangj/scratch/zhangj/parameter_data_files/2017/LCC_GradAmpTemp.parquet
Saved data for parameter LCC_GradCoilFillingPress to /home/zhangj/scratch/zhangj/parameter_data_files/2017/LCC_GradCoilFillingPress.parquet
Saved data for parameter LCC_GradCoilTemp to /home/zhangj/scratch/zhangj/parameter_data_files/2017/LCC_GradCoilTemp.parquet
Saved data for parameter LCC_HeliumCompressorTemp to /home/zhangj/scratch/zhangj/parameter_data_files/2017/LCC_HeliumCompressorTemp.parquet
Saved data for parameter LCC_PrimaryFlow to /home/zhangj/scratch/zhangj/parameter_data_files/2017/LCC_PrimaryFlow.parquet
Saved data for parameter LCC_SecondaryLoopTemp to /home/zhangj/scratch/zhangj/parameter_data_files/2017/LCC_SecondaryLoopTemp.parquet
Saved data for parameter LCC_T1Temp to /home/zhangj/scratch/zhangj/parameter_data_files/2017/LCC_T1Temp.parquet
Saved data for parameter magnet_field_sensor to /home/zhangj/scratch/zhangj/parameter_data_files/2017/magnet_field_sensor.parquet
Saved data for parameter magnet_helium_leakage to /home/zhangj/scratch/zhangj/parameter_data_files/2017/magnet_helium_leakage.parquet
Saved data for parameter magnet_helium_level_status to /home/zhangj/scratch/zhangj/parameter_data_files/2017/magnet_helium_level_status.parquet
Saved data for parameter magnet_helium_level_value to /home/zhangj/scratch/zhangj/parameter_data_files/2017/magnet_helium_level_value.parquet
Saved data for parameter magnet_helium_refill_level to /home/zhangj/scratch/zhangj/parameter_data_files/2017/magnet_helium_refill_level.parquet
Saved data for parameter magnet_lt_boiloff to /home/zhangj/scratch/zhangj/parameter_data_files/2017/magnet_lt_boiloff.parquet
Saved data for parameter magnet_pressure to /home/zhangj/scratch/zhangj/parameter_data_files/2017/magnet_pressure.parquet
Saved data for parameter magnet_pressure_avg to /home/zhangj/scratch/zhangj/parameter_data_files/2017/magnet_pressure_avg.parquet
Saved data for parameter magnet_pressure_dps to /home/zhangj/scratch/zhangj/parameter_data_files/2017/magnet_pressure_dps.parquet
Saved data for parameter magnet_quench to /home/zhangj/scratch/zhangj/parameter_data_files/2017/magnet_quench.parquet
Saved data for parameter magnet_quench_heater_status to /home/zhangj/scratch/zhangj/parameter_data_files/2017/magnet_quench_heater_status.parquet
Saved data for parameter magnet_under_pressure to /home/zhangj/scratch/zhangj/parameter_data_files/2017/magnet_under_pressure.parquet
Saved data for parameter QBC-Receive_TM-Amplitude_1 to /home/zhangj/scratch/zhangj/parameter_data_files/2017/QBC-Receive_TM-Amplitude_1.parquet
Saved data for parameter QBC-Receive_TM-Amplitude_2 to /home/zhangj/scratch/zhangj/parameter_data_files/2017/QBC-Receive_TM-Amplitude_2.parquet
Saved data for parameter QBC-Transmit_TM-Amplitude_1 to /home/zhangj/scratch/zhangj/parameter_data_files/2017/QBC-Transmit_TM-Amplitude_1.parquet
Saved data for parameter QBC-Transmit_TM-Amplitude_2 to /home/zhangj/scratch/zhangj/parameter_data_files/2017/QBC-Transmit_TM-Amplitude_2.parquet
Saved data for parameter Spikes_MaxSpecSpikePower to /home/zhangj/scratch/zhangj/parameter_data_files/2017/Spikes_MaxSpecSpikePower.parquet
Saved data for parameter Spikes_NoisePower to /home/zhangj/scratch/zhangj/parameter_data_files/2017/Spikes_NoisePower.parquet
Saved data for parameter Spikes_NrAboveThreshold1 to /home/zhangj/scratch/zhangj/parameter_data_files/2017/Spikes_NrAboveThreshold1.parquet
Saved data for parameter Spikes_NrAboveThreshold2 to /home/zhangj/scratch/zhangj/parameter_data_files/2017/Spikes_NrAboveThreshold2.parquet
Saved data for parameter Spikes_NrAboveThreshold3 to /home/zhangj/scratch/zhangj/parameter_data_files/2017/Spikes_NrAboveThreshold3.parquet
Saved data for parameter Spikes_NrSuppressed to /home/zhangj/scratch/zhangj/parameter_data_files/2017/Spikes_NrSuppressed.parquet
Saved data for parameter Spikes_PowerAboveThreshold1 to /home/zhangj/scratch/zhangj/parameter_data_files/2017/Spikes_PowerAboveThreshold1.parquet
Saved data for parameter Spikes_PowerAboveThreshold2 to /home/zhangj/scratch/zhangj/parameter_data_files/2017/Spikes_PowerAboveThreshold2.parquet
Saved data for parameter Spikes_PowerAboveThreshold3 to /home/zhangj/scratch/zhangj/parameter_data_files/2017/Spikes_PowerAboveThreshold3.parquet
Saved data for parameter Spikes_QPI to /home/zhangj/scratch/zhangj/parameter_data_files/2017/Spikes_QPI.parquet
Saved data for parameter Spikes_QPIAfterCorrection to /home/zhangj/scratch/zhangj/parameter_data_files/2017/Spikes_QPIAfterCorrection.parquet
Saved data for parameter Spikes_SpikeNoiseFraction to /home/zhangj/scratch/zhangj/parameter_data_files/2017/Spikes_SpikeNoiseFraction.parquet
Saved data for parameter Spikes_ScanName to /home/zhangj/scratch/zhangj/parameter_data_files/2017/Spikes_ScanName.parquet
Saved data for parameter System_HumExamRoom to /home/zhangj/scratch/zhangj/parameter_data_files/2017/System_HumExamRoom.parquet
Saved data for parameter System_HumTechRoom to /home/zhangj/scratch/zhangj/parameter_data_files/2017/System_HumTechRoom.parquet
Saved data for parameter System_TempExamRoom to /home/zhangj/scratch/zhangj/parameter_data_files/2017/System_TempExamRoom.parquet
Saved data for parameter System_TempTechRoom to /home/zhangj/scratch/zhangj/parameter_data_files/2017/System_TempTechRoom.parquet
Saved data for parameter TXChain_FWDPhase1 to /home/zhangj/scratch/zhangj/parameter_data_files/2017/TXChain_FWDPhase1.parquet
Saved data for parameter TXChain_FWDPhase2 to /home/zhangj/scratch/zhangj/parameter_data_files/2017/TXChain_FWDPhase2.parquet
Saved data for parameter TXChain_PhaseTX1PU1 to /home/zhangj/scratch/zhangj/parameter_data_files/2017/TXChain_PhaseTX1PU1.parquet
Saved data for parameter TXChain_PhaseTX1PU1Dev to /home/zhangj/scratch/zhangj/parameter_data_files/2017/TXChain_PhaseTX1PU1Dev.parquet
Saved data for parameter TXChain_PhaseTX2PU2 to /home/zhangj/scratch/zhangj/parameter_data_files/2017/TXChain_PhaseTX2PU2.parquet
Saved data for parameter TXChain_PhaseTX2PU2Dev to /home/zhangj/scratch/zhangj/parameter_data_files/2017/TXChain_PhaseTX2PU2Dev.parquet
Saved data for parameter VitalEye_ExposureTime to /home/zhangj/scratch/zhangj/parameter_data_files/2017/VitalEye_ExposureTime.parquet
Saved data for parameter VitalEye_GainLevel to /home/zhangj/scratch/zhangj/parameter_data_files/2017/VitalEye_GainLevel.parquet
Saved data for parameter VitalEye_healthinfo to /home/zhangj/scratch/zhangj/parameter_data_files/2017/VitalEye_healthinfo.parquet
Saved data for parameter magnet_bathheaterlow to /home/zhangj/scratch/zhangj/parameter_data_files/2017/magnet_bathheaterlow.parquet
Saved data for parameter magnet_erdu_battery_status to /home/zhangj/scratch/zhangj/parameter_data_files/2017/magnet_erdu_battery_status.parquet
Saved data for parameter magnet_erdu_ilock_status to /home/zhangj/scratch/zhangj/parameter_data_files/2017/magnet_erdu_ilock_status.parquet
Job finished at Tue Oct 24 16:09:36 CEST 2023
